  GameMain.cpp
C:\Program Files\Microsoft SDKs\DirectX11\Include\dxgitype.h(12,1): warning C4005: DXGI_STATUS_OCCLUDED: изменение макроопределения
C:\Program Files (x86)\Windows Kits\10\Include\10.0.19041.0\shared\winerror.h(56388): message : см. предыдущее определение "DXGI_STATUS_OCCLUDED"
C:\Program Files\Microsoft SDKs\DirectX11\Include\dxgitype.h(13,1): warning C4005: DXGI_STATUS_CLIPPED: изменение макроопределения
C:\Program Files (x86)\Windows Kits\10\Include\10.0.19041.0\shared\winerror.h(56397): message : см. предыдущее определение "DXGI_STATUS_CLIPPED"
C:\Program Files\Microsoft SDKs\DirectX11\Include\dxgitype.h(14,1): warning C4005: DXGI_STATUS_NO_REDIRECTION: изменение макроопределения
C:\Program Files (x86)\Windows Kits\10\Include\10.0.19041.0\shared\winerror.h(56406): message : см. предыдущее определение "DXGI_STATUS_NO_REDIRECTION"
C:\Program Files\Microsoft SDKs\DirectX11\Include\dxgitype.h(15,1): warning C4005: DXGI_STATUS_NO_DESKTOP_ACCESS: изменение макроопределения
C:\Program Files (x86)\Windows Kits\10\Include\10.0.19041.0\shared\winerror.h(56415): message : см. предыдущее определение "DXGI_STATUS_NO_DESKTOP_ACCESS"
C:\Program Files\Microsoft SDKs\DirectX11\Include\dxgitype.h(16,1): warning C4005: DXGI_STATUS_GRAPHICS_VIDPN_SOURCE_IN_USE: изменение макроопределения
C:\Program Files (x86)\Windows Kits\10\Include\10.0.19041.0\shared\winerror.h(56424): message : см. предыдущее определение "DXGI_STATUS_GRAPHICS_VIDPN_SOURCE_IN_USE"
C:\Program Files\Microsoft SDKs\DirectX11\Include\dxgitype.h(17,1): warning C4005: DXGI_STATUS_MODE_CHANGED: изменение макроопределения
C:\Program Files (x86)\Windows Kits\10\Include\10.0.19041.0\shared\winerror.h(56433): message : см. предыдущее определение "DXGI_STATUS_MODE_CHANGED"
C:\Program Files\Microsoft SDKs\DirectX11\Include\dxgitype.h(18,1): warning C4005: DXGI_STATUS_MODE_CHANGE_IN_PROGRESS: изменение макроопределения
C:\Program Files (x86)\Windows Kits\10\Include\10.0.19041.0\shared\winerror.h(56442): message : см. предыдущее определение "DXGI_STATUS_MODE_CHANGE_IN_PROGRESS"
C:\Program Files\Microsoft SDKs\DirectX11\Include\dxgitype.h(21,1): warning C4005: DXGI_ERROR_INVALID_CALL: изменение макроопределения
C:\Program Files (x86)\Windows Kits\10\Include\10.0.19041.0\shared\winerror.h(56457): message : см. предыдущее определение "DXGI_ERROR_INVALID_CALL"
C:\Program Files\Microsoft SDKs\DirectX11\Include\dxgitype.h(22,1): warning C4005: DXGI_ERROR_NOT_FOUND: изменение макроопределения
C:\Program Files (x86)\Windows Kits\10\Include\10.0.19041.0\shared\winerror.h(56466): message : см. предыдущее определение "DXGI_ERROR_NOT_FOUND"
C:\Program Files\Microsoft SDKs\DirectX11\Include\dxgitype.h(23,1): warning C4005: DXGI_ERROR_MORE_DATA: изменение макроопределения
C:\Program Files (x86)\Windows Kits\10\Include\10.0.19041.0\shared\winerror.h(56475): message : см. предыдущее определение "DXGI_ERROR_MORE_DATA"
C:\Program Files\Microsoft SDKs\DirectX11\Include\dxgitype.h(24,1): warning C4005: DXGI_ERROR_UNSUPPORTED: изменение макроопределения
C:\Program Files (x86)\Windows Kits\10\Include\10.0.19041.0\shared\winerror.h(56484): message : см. предыдущее определение "DXGI_ERROR_UNSUPPORTED"
C:\Program Files\Microsoft SDKs\DirectX11\Include\dxgitype.h(25,1): warning C4005: DXGI_ERROR_DEVICE_REMOVED: изменение макроопределения
C:\Program Files (x86)\Windows Kits\10\Include\10.0.19041.0\shared\winerror.h(56493): message : см. предыдущее определение "DXGI_ERROR_DEVICE_REMOVED"
C:\Program Files\Microsoft SDKs\DirectX11\Include\dxgitype.h(26,1): warning C4005: DXGI_ERROR_DEVICE_HUNG: изменение макроопределения
C:\Program Files (x86)\Windows Kits\10\Include\10.0.19041.0\shared\winerror.h(56502): message : см. предыдущее определение "DXGI_ERROR_DEVICE_HUNG"
C:\Program Files\Microsoft SDKs\DirectX11\Include\dxgitype.h(27,1): warning C4005: DXGI_ERROR_DEVICE_RESET: изменение макроопределения
C:\Program Files (x86)\Windows Kits\10\Include\10.0.19041.0\shared\winerror.h(56512): message : см. предыдущее определение "DXGI_ERROR_DEVICE_RESET"
C:\Program Files\Microsoft SDKs\DirectX11\Include\dxgitype.h(28,1): warning C4005: DXGI_ERROR_WAS_STILL_DRAWING: изменение макроопределения
C:\Program Files (x86)\Windows Kits\10\Include\10.0.19041.0\shared\winerror.h(56521): message : см. предыдущее определение "DXGI_ERROR_WAS_STILL_DRAWING"
C:\Program Files\Microsoft SDKs\DirectX11\Include\dxgitype.h(29,1): warning C4005: DXGI_ERROR_FRAME_STATISTICS_DISJOINT: изменение макроопределения
C:\Program Files (x86)\Windows Kits\10\Include\10.0.19041.0\shared\winerror.h(56531): message : см. предыдущее определение "DXGI_ERROR_FRAME_STATISTICS_DISJOINT"
C:\Program Files\Microsoft SDKs\DirectX11\Include\dxgitype.h(30,1): warning C4005: DXGI_ERROR_GRAPHICS_VIDPN_SOURCE_IN_USE: изменение макроопределения
C:\Program Files (x86)\Windows Kits\10\Include\10.0.19041.0\shared\winerror.h(56540): message : см. предыдущее определение "DXGI_ERROR_GRAPHICS_VIDPN_SOURCE_IN_USE"
C:\Program Files\Microsoft SDKs\DirectX11\Include\dxgitype.h(31,1): warning C4005: DXGI_ERROR_DRIVER_INTERNAL_ERROR: изменение макроопределения
C:\Program Files (x86)\Windows Kits\10\Include\10.0.19041.0\shared\winerror.h(56550): message : см. предыдущее определение "DXGI_ERROR_DRIVER_INTERNAL_ERROR"
C:\Program Files\Microsoft SDKs\DirectX11\Include\dxgitype.h(32,1): warning C4005: DXGI_ERROR_NONEXCLUSIVE: изменение макроопределения
C:\Program Files (x86)\Windows Kits\10\Include\10.0.19041.0\shared\winerror.h(56559): message : см. предыдущее определение "DXGI_ERROR_NONEXCLUSIVE"
C:\Program Files\Microsoft SDKs\DirectX11\Include\dxgitype.h(33,1): warning C4005: DXGI_ERROR_NOT_CURRENTLY_AVAILABLE: изменение макроопределения
C:\Program Files (x86)\Windows Kits\10\Include\10.0.19041.0\shared\winerror.h(56568): message : см. предыдущее определение "DXGI_ERROR_NOT_CURRENTLY_AVAILABLE"
C:\Program Files\Microsoft SDKs\DirectX11\Include\dxgitype.h(34,1): warning C4005: DXGI_ERROR_REMOTE_CLIENT_DISCONNECTED: изменение макроопределения
C:\Program Files (x86)\Windows Kits\10\Include\10.0.19041.0\shared\winerror.h(56578): message : см. предыдущее определение "DXGI_ERROR_REMOTE_CLIENT_DISCONNECTED"
C:\Program Files\Microsoft SDKs\DirectX11\Include\dxgitype.h(35,1): warning C4005: DXGI_ERROR_REMOTE_OUTOFMEMORY: изменение макроопределения
C:\Program Files (x86)\Windows Kits\10\Include\10.0.19041.0\shared\winerror.h(56587): message : см. предыдущее определение "DXGI_ERROR_REMOTE_OUTOFMEMORY"
C:\Program Files\Microsoft SDKs\DirectX11\Include\d3d11.h(917,1): warning C4005: D3D11_ERROR_TOO_MANY_UNIQUE_STATE_OBJECTS: изменение макроопределения
C:\Program Files (x86)\Windows Kits\10\Include\10.0.19041.0\shared\winerror.h(56865): message : см. предыдущее определение "D3D11_ERROR_TOO_MANY_UNIQUE_STATE_OBJECTS"
C:\Program Files\Microsoft SDKs\DirectX11\Include\d3d11.h(918,1): warning C4005: D3D11_ERROR_FILE_NOT_FOUND: изменение макроопределения
C:\Program Files (x86)\Windows Kits\10\Include\10.0.19041.0\shared\winerror.h(56874): message : см. предыдущее определение "D3D11_ERROR_FILE_NOT_FOUND"
C:\Program Files\Microsoft SDKs\DirectX11\Include\d3d11.h(919,1): warning C4005: D3D11_ERROR_TOO_MANY_UNIQUE_VIEW_OBJECTS: изменение макроопределения
C:\Program Files (x86)\Windows Kits\10\Include\10.0.19041.0\shared\winerror.h(56884): message : см. предыдущее определение "D3D11_ERROR_TOO_MANY_UNIQUE_VIEW_OBJECTS"
C:\Program Files\Microsoft SDKs\DirectX11\Include\d3d11.h(920,1): warning C4005: D3D11_ERROR_DEFERRED_CONTEXT_MAP_WITHOUT_INITIAL_DISCARD: изменение макроопределения
C:\Program Files (x86)\Windows Kits\10\Include\10.0.19041.0\shared\winerror.h(56893): message : см. предыдущее определение "D3D11_ERROR_DEFERRED_CONTEXT_MAP_WITHOUT_INITIAL_DISCARD"
C:\Program Files\Microsoft SDKs\DirectX11\Include\d3d10.h(608,1): warning C4005: D3D10_ERROR_TOO_MANY_UNIQUE_STATE_OBJECTS: изменение макроопределения
C:\Program Files (x86)\Windows Kits\10\Include\10.0.19041.0\shared\winerror.h(56841): message : см. предыдущее определение "D3D10_ERROR_TOO_MANY_UNIQUE_STATE_OBJECTS"
C:\Program Files\Microsoft SDKs\DirectX11\Include\d3d10.h(609,1): warning C4005: D3D10_ERROR_FILE_NOT_FOUND: изменение макроопределения
C:\Program Files (x86)\Windows Kits\10\Include\10.0.19041.0\shared\winerror.h(56850): message : см. предыдущее определение "D3D10_ERROR_FILE_NOT_FOUND"
  InputManager.cpp
C:\Program Files\Microsoft SDKs\DirectX11\Include\dxgitype.h(12,1): warning C4005: DXGI_STATUS_OCCLUDED: изменение макроопределения
C:\Program Files (x86)\Windows Kits\10\Include\10.0.19041.0\shared\winerror.h(56388): message : см. предыдущее определение "DXGI_STATUS_OCCLUDED"
C:\Program Files\Microsoft SDKs\DirectX11\Include\dxgitype.h(13,1): warning C4005: DXGI_STATUS_CLIPPED: изменение макроопределения
C:\Program Files (x86)\Windows Kits\10\Include\10.0.19041.0\shared\winerror.h(56397): message : см. предыдущее определение "DXGI_STATUS_CLIPPED"
C:\Program Files\Microsoft SDKs\DirectX11\Include\dxgitype.h(14,1): warning C4005: DXGI_STATUS_NO_REDIRECTION: изменение макроопределения
C:\Program Files (x86)\Windows Kits\10\Include\10.0.19041.0\shared\winerror.h(56406): message : см. предыдущее определение "DXGI_STATUS_NO_REDIRECTION"
C:\Program Files\Microsoft SDKs\DirectX11\Include\dxgitype.h(15,1): warning C4005: DXGI_STATUS_NO_DESKTOP_ACCESS: изменение макроопределения
C:\Program Files (x86)\Windows Kits\10\Include\10.0.19041.0\shared\winerror.h(56415): message : см. предыдущее определение "DXGI_STATUS_NO_DESKTOP_ACCESS"
C:\Program Files\Microsoft SDKs\DirectX11\Include\dxgitype.h(16,1): warning C4005: DXGI_STATUS_GRAPHICS_VIDPN_SOURCE_IN_USE: изменение макроопределения
C:\Program Files (x86)\Windows Kits\10\Include\10.0.19041.0\shared\winerror.h(56424): message : см. предыдущее определение "DXGI_STATUS_GRAPHICS_VIDPN_SOURCE_IN_USE"
C:\Program Files\Microsoft SDKs\DirectX11\Include\dxgitype.h(17,1): warning C4005: DXGI_STATUS_MODE_CHANGED: изменение макроопределения
C:\Program Files (x86)\Windows Kits\10\Include\10.0.19041.0\shared\winerror.h(56433): message : см. предыдущее определение "DXGI_STATUS_MODE_CHANGED"
C:\Program Files\Microsoft SDKs\DirectX11\Include\dxgitype.h(18,1): warning C4005: DXGI_STATUS_MODE_CHANGE_IN_PROGRESS: изменение макроопределения
C:\Program Files (x86)\Windows Kits\10\Include\10.0.19041.0\shared\winerror.h(56442): message : см. предыдущее определение "DXGI_STATUS_MODE_CHANGE_IN_PROGRESS"
C:\Program Files\Microsoft SDKs\DirectX11\Include\dxgitype.h(21,1): warning C4005: DXGI_ERROR_INVALID_CALL: изменение макроопределения
C:\Program Files (x86)\Windows Kits\10\Include\10.0.19041.0\shared\winerror.h(56457): message : см. предыдущее определение "DXGI_ERROR_INVALID_CALL"
C:\Program Files\Microsoft SDKs\DirectX11\Include\dxgitype.h(22,1): warning C4005: DXGI_ERROR_NOT_FOUND: изменение макроопределения
C:\Program Files (x86)\Windows Kits\10\Include\10.0.19041.0\shared\winerror.h(56466): message : см. предыдущее определение "DXGI_ERROR_NOT_FOUND"
C:\Program Files\Microsoft SDKs\DirectX11\Include\dxgitype.h(23,1): warning C4005: DXGI_ERROR_MORE_DATA: изменение макроопределения
C:\Program Files (x86)\Windows Kits\10\Include\10.0.19041.0\shared\winerror.h(56475): message : см. предыдущее определение "DXGI_ERROR_MORE_DATA"
C:\Program Files\Microsoft SDKs\DirectX11\Include\dxgitype.h(24,1): warning C4005: DXGI_ERROR_UNSUPPORTED: изменение макроопределения
C:\Program Files (x86)\Windows Kits\10\Include\10.0.19041.0\shared\winerror.h(56484): message : см. предыдущее определение "DXGI_ERROR_UNSUPPORTED"
C:\Program Files\Microsoft SDKs\DirectX11\Include\dxgitype.h(25,1): warning C4005: DXGI_ERROR_DEVICE_REMOVED: изменение макроопределения
C:\Program Files (x86)\Windows Kits\10\Include\10.0.19041.0\shared\winerror.h(56493): message : см. предыдущее определение "DXGI_ERROR_DEVICE_REMOVED"
C:\Program Files\Microsoft SDKs\DirectX11\Include\dxgitype.h(26,1): warning C4005: DXGI_ERROR_DEVICE_HUNG: изменение макроопределения
C:\Program Files (x86)\Windows Kits\10\Include\10.0.19041.0\shared\winerror.h(56502): message : см. предыдущее определение "DXGI_ERROR_DEVICE_HUNG"
C:\Program Files\Microsoft SDKs\DirectX11\Include\dxgitype.h(27,1): warning C4005: DXGI_ERROR_DEVICE_RESET: изменение макроопределения
C:\Program Files (x86)\Windows Kits\10\Include\10.0.19041.0\shared\winerror.h(56512): message : см. предыдущее определение "DXGI_ERROR_DEVICE_RESET"
C:\Program Files\Microsoft SDKs\DirectX11\Include\dxgitype.h(28,1): warning C4005: DXGI_ERROR_WAS_STILL_DRAWING: изменение макроопределения
C:\Program Files (x86)\Windows Kits\10\Include\10.0.19041.0\shared\winerror.h(56521): message : см. предыдущее определение "DXGI_ERROR_WAS_STILL_DRAWING"
C:\Program Files\Microsoft SDKs\DirectX11\Include\dxgitype.h(29,1): warning C4005: DXGI_ERROR_FRAME_STATISTICS_DISJOINT: изменение макроопределения
C:\Program Files (x86)\Windows Kits\10\Include\10.0.19041.0\shared\winerror.h(56531): message : см. предыдущее определение "DXGI_ERROR_FRAME_STATISTICS_DISJOINT"
C:\Program Files\Microsoft SDKs\DirectX11\Include\dxgitype.h(30,1): warning C4005: DXGI_ERROR_GRAPHICS_VIDPN_SOURCE_IN_USE: изменение макроопределения
C:\Program Files (x86)\Windows Kits\10\Include\10.0.19041.0\shared\winerror.h(56540): message : см. предыдущее определение "DXGI_ERROR_GRAPHICS_VIDPN_SOURCE_IN_USE"
C:\Program Files\Microsoft SDKs\DirectX11\Include\dxgitype.h(31,1): warning C4005: DXGI_ERROR_DRIVER_INTERNAL_ERROR: изменение макроопределения
C:\Program Files (x86)\Windows Kits\10\Include\10.0.19041.0\shared\winerror.h(56550): message : см. предыдущее определение "DXGI_ERROR_DRIVER_INTERNAL_ERROR"
C:\Program Files\Microsoft SDKs\DirectX11\Include\dxgitype.h(32,1): warning C4005: DXGI_ERROR_NONEXCLUSIVE: изменение макроопределения
C:\Program Files (x86)\Windows Kits\10\Include\10.0.19041.0\shared\winerror.h(56559): message : см. предыдущее определение "DXGI_ERROR_NONEXCLUSIVE"
C:\Program Files\Microsoft SDKs\DirectX11\Include\dxgitype.h(33,1): warning C4005: DXGI_ERROR_NOT_CURRENTLY_AVAILABLE: изменение макроопределения
C:\Program Files (x86)\Windows Kits\10\Include\10.0.19041.0\shared\winerror.h(56568): message : см. предыдущее определение "DXGI_ERROR_NOT_CURRENTLY_AVAILABLE"
C:\Program Files\Microsoft SDKs\DirectX11\Include\dxgitype.h(34,1): warning C4005: DXGI_ERROR_REMOTE_CLIENT_DISCONNECTED: изменение макроопределения
C:\Program Files (x86)\Windows Kits\10\Include\10.0.19041.0\shared\winerror.h(56578): message : см. предыдущее определение "DXGI_ERROR_REMOTE_CLIENT_DISCONNECTED"
C:\Program Files\Microsoft SDKs\DirectX11\Include\dxgitype.h(35,1): warning C4005: DXGI_ERROR_REMOTE_OUTOFMEMORY: изменение макроопределения
C:\Program Files (x86)\Windows Kits\10\Include\10.0.19041.0\shared\winerror.h(56587): message : см. предыдущее определение "DXGI_ERROR_REMOTE_OUTOFMEMORY"
C:\Program Files\Microsoft SDKs\DirectX11\Include\d3d11.h(917,1): warning C4005: D3D11_ERROR_TOO_MANY_UNIQUE_STATE_OBJECTS: изменение макроопределения
C:\Program Files (x86)\Windows Kits\10\Include\10.0.19041.0\shared\winerror.h(56865): message : см. предыдущее определение "D3D11_ERROR_TOO_MANY_UNIQUE_STATE_OBJECTS"
C:\Program Files\Microsoft SDKs\DirectX11\Include\d3d11.h(918,1): warning C4005: D3D11_ERROR_FILE_NOT_FOUND: изменение макроопределения
C:\Program Files (x86)\Windows Kits\10\Include\10.0.19041.0\shared\winerror.h(56874): message : см. предыдущее определение "D3D11_ERROR_FILE_NOT_FOUND"
C:\Program Files\Microsoft SDKs\DirectX11\Include\d3d11.h(919,1): warning C4005: D3D11_ERROR_TOO_MANY_UNIQUE_VIEW_OBJECTS: изменение макроопределения
C:\Program Files (x86)\Windows Kits\10\Include\10.0.19041.0\shared\winerror.h(56884): message : см. предыдущее определение "D3D11_ERROR_TOO_MANY_UNIQUE_VIEW_OBJECTS"
C:\Program Files\Microsoft SDKs\DirectX11\Include\d3d11.h(920,1): warning C4005: D3D11_ERROR_DEFERRED_CONTEXT_MAP_WITHOUT_INITIAL_DISCARD: изменение макроопределения
C:\Program Files (x86)\Windows Kits\10\Include\10.0.19041.0\shared\winerror.h(56893): message : см. предыдущее определение "D3D11_ERROR_DEFERRED_CONTEXT_MAP_WITHOUT_INITIAL_DISCARD"
C:\Program Files\Microsoft SDKs\DirectX11\Include\d3d10.h(608,1): warning C4005: D3D10_ERROR_TOO_MANY_UNIQUE_STATE_OBJECTS: изменение макроопределения
C:\Program Files (x86)\Windows Kits\10\Include\10.0.19041.0\shared\winerror.h(56841): message : см. предыдущее определение "D3D10_ERROR_TOO_MANY_UNIQUE_STATE_OBJECTS"
C:\Program Files\Microsoft SDKs\DirectX11\Include\d3d10.h(609,1): warning C4005: D3D10_ERROR_FILE_NOT_FOUND: изменение макроопределения
C:\Program Files (x86)\Windows Kits\10\Include\10.0.19041.0\shared\winerror.h(56850): message : см. предыдущее определение "D3D10_ERROR_FILE_NOT_FOUND"
  Log.cpp
C:\Program Files\Microsoft SDKs\DirectX11\Include\dxgitype.h(12,1): warning C4005: DXGI_STATUS_OCCLUDED: изменение макроопределения
C:\Program Files (x86)\Windows Kits\10\Include\10.0.19041.0\shared\winerror.h(56388): message : см. предыдущее определение "DXGI_STATUS_OCCLUDED"
C:\Program Files\Microsoft SDKs\DirectX11\Include\dxgitype.h(13,1): warning C4005: DXGI_STATUS_CLIPPED: изменение макроопределения
C:\Program Files (x86)\Windows Kits\10\Include\10.0.19041.0\shared\winerror.h(56397): message : см. предыдущее определение "DXGI_STATUS_CLIPPED"
C:\Program Files\Microsoft SDKs\DirectX11\Include\dxgitype.h(14,1): warning C4005: DXGI_STATUS_NO_REDIRECTION: изменение макроопределения
C:\Program Files (x86)\Windows Kits\10\Include\10.0.19041.0\shared\winerror.h(56406): message : см. предыдущее определение "DXGI_STATUS_NO_REDIRECTION"
C:\Program Files\Microsoft SDKs\DirectX11\Include\dxgitype.h(15,1): warning C4005: DXGI_STATUS_NO_DESKTOP_ACCESS: изменение макроопределения
C:\Program Files (x86)\Windows Kits\10\Include\10.0.19041.0\shared\winerror.h(56415): message : см. предыдущее определение "DXGI_STATUS_NO_DESKTOP_ACCESS"
C:\Program Files\Microsoft SDKs\DirectX11\Include\dxgitype.h(16,1): warning C4005: DXGI_STATUS_GRAPHICS_VIDPN_SOURCE_IN_USE: изменение макроопределения
C:\Program Files (x86)\Windows Kits\10\Include\10.0.19041.0\shared\winerror.h(56424): message : см. предыдущее определение "DXGI_STATUS_GRAPHICS_VIDPN_SOURCE_IN_USE"
C:\Program Files\Microsoft SDKs\DirectX11\Include\dxgitype.h(17,1): warning C4005: DXGI_STATUS_MODE_CHANGED: изменение макроопределения
C:\Program Files (x86)\Windows Kits\10\Include\10.0.19041.0\shared\winerror.h(56433): message : см. предыдущее определение "DXGI_STATUS_MODE_CHANGED"
C:\Program Files\Microsoft SDKs\DirectX11\Include\dxgitype.h(18,1): warning C4005: DXGI_STATUS_MODE_CHANGE_IN_PROGRESS: изменение макроопределения
C:\Program Files (x86)\Windows Kits\10\Include\10.0.19041.0\shared\winerror.h(56442): message : см. предыдущее определение "DXGI_STATUS_MODE_CHANGE_IN_PROGRESS"
C:\Program Files\Microsoft SDKs\DirectX11\Include\dxgitype.h(21,1): warning C4005: DXGI_ERROR_INVALID_CALL: изменение макроопределения
C:\Program Files (x86)\Windows Kits\10\Include\10.0.19041.0\shared\winerror.h(56457): message : см. предыдущее определение "DXGI_ERROR_INVALID_CALL"
C:\Program Files\Microsoft SDKs\DirectX11\Include\dxgitype.h(22,1): warning C4005: DXGI_ERROR_NOT_FOUND: изменение макроопределения
C:\Program Files (x86)\Windows Kits\10\Include\10.0.19041.0\shared\winerror.h(56466): message : см. предыдущее определение "DXGI_ERROR_NOT_FOUND"
C:\Program Files\Microsoft SDKs\DirectX11\Include\dxgitype.h(23,1): warning C4005: DXGI_ERROR_MORE_DATA: изменение макроопределения
C:\Program Files (x86)\Windows Kits\10\Include\10.0.19041.0\shared\winerror.h(56475): message : см. предыдущее определение "DXGI_ERROR_MORE_DATA"
C:\Program Files\Microsoft SDKs\DirectX11\Include\dxgitype.h(24,1): warning C4005: DXGI_ERROR_UNSUPPORTED: изменение макроопределения
C:\Program Files (x86)\Windows Kits\10\Include\10.0.19041.0\shared\winerror.h(56484): message : см. предыдущее определение "DXGI_ERROR_UNSUPPORTED"
C:\Program Files\Microsoft SDKs\DirectX11\Include\dxgitype.h(25,1): warning C4005: DXGI_ERROR_DEVICE_REMOVED: изменение макроопределения
C:\Program Files (x86)\Windows Kits\10\Include\10.0.19041.0\shared\winerror.h(56493): message : см. предыдущее определение "DXGI_ERROR_DEVICE_REMOVED"
C:\Program Files\Microsoft SDKs\DirectX11\Include\dxgitype.h(26,1): warning C4005: DXGI_ERROR_DEVICE_HUNG: изменение макроопределения
C:\Program Files (x86)\Windows Kits\10\Include\10.0.19041.0\shared\winerror.h(56502): message : см. предыдущее определение "DXGI_ERROR_DEVICE_HUNG"
C:\Program Files\Microsoft SDKs\DirectX11\Include\dxgitype.h(27,1): warning C4005: DXGI_ERROR_DEVICE_RESET: изменение макроопределения
C:\Program Files (x86)\Windows Kits\10\Include\10.0.19041.0\shared\winerror.h(56512): message : см. предыдущее определение "DXGI_ERROR_DEVICE_RESET"
C:\Program Files\Microsoft SDKs\DirectX11\Include\dxgitype.h(28,1): warning C4005: DXGI_ERROR_WAS_STILL_DRAWING: изменение макроопределения
C:\Program Files (x86)\Windows Kits\10\Include\10.0.19041.0\shared\winerror.h(56521): message : см. предыдущее определение "DXGI_ERROR_WAS_STILL_DRAWING"
C:\Program Files\Microsoft SDKs\DirectX11\Include\dxgitype.h(29,1): warning C4005: DXGI_ERROR_FRAME_STATISTICS_DISJOINT: изменение макроопределения
C:\Program Files (x86)\Windows Kits\10\Include\10.0.19041.0\shared\winerror.h(56531): message : см. предыдущее определение "DXGI_ERROR_FRAME_STATISTICS_DISJOINT"
C:\Program Files\Microsoft SDKs\DirectX11\Include\dxgitype.h(30,1): warning C4005: DXGI_ERROR_GRAPHICS_VIDPN_SOURCE_IN_USE: изменение макроопределения
C:\Program Files (x86)\Windows Kits\10\Include\10.0.19041.0\shared\winerror.h(56540): message : см. предыдущее определение "DXGI_ERROR_GRAPHICS_VIDPN_SOURCE_IN_USE"
C:\Program Files\Microsoft SDKs\DirectX11\Include\dxgitype.h(31,1): warning C4005: DXGI_ERROR_DRIVER_INTERNAL_ERROR: изменение макроопределения
C:\Program Files (x86)\Windows Kits\10\Include\10.0.19041.0\shared\winerror.h(56550): message : см. предыдущее определение "DXGI_ERROR_DRIVER_INTERNAL_ERROR"
C:\Program Files\Microsoft SDKs\DirectX11\Include\dxgitype.h(32,1): warning C4005: DXGI_ERROR_NONEXCLUSIVE: изменение макроопределения
C:\Program Files (x86)\Windows Kits\10\Include\10.0.19041.0\shared\winerror.h(56559): message : см. предыдущее определение "DXGI_ERROR_NONEXCLUSIVE"
C:\Program Files\Microsoft SDKs\DirectX11\Include\dxgitype.h(33,1): warning C4005: DXGI_ERROR_NOT_CURRENTLY_AVAILABLE: изменение макроопределения
C:\Program Files (x86)\Windows Kits\10\Include\10.0.19041.0\shared\winerror.h(56568): message : см. предыдущее определение "DXGI_ERROR_NOT_CURRENTLY_AVAILABLE"
C:\Program Files\Microsoft SDKs\DirectX11\Include\dxgitype.h(34,1): warning C4005: DXGI_ERROR_REMOTE_CLIENT_DISCONNECTED: изменение макроопределения
C:\Program Files (x86)\Windows Kits\10\Include\10.0.19041.0\shared\winerror.h(56578): message : см. предыдущее определение "DXGI_ERROR_REMOTE_CLIENT_DISCONNECTED"
C:\Program Files\Microsoft SDKs\DirectX11\Include\dxgitype.h(35,1): warning C4005: DXGI_ERROR_REMOTE_OUTOFMEMORY: изменение макроопределения
C:\Program Files (x86)\Windows Kits\10\Include\10.0.19041.0\shared\winerror.h(56587): message : см. предыдущее определение "DXGI_ERROR_REMOTE_OUTOFMEMORY"
C:\Program Files\Microsoft SDKs\DirectX11\Include\d3d11.h(917,1): warning C4005: D3D11_ERROR_TOO_MANY_UNIQUE_STATE_OBJECTS: изменение макроопределения
C:\Program Files (x86)\Windows Kits\10\Include\10.0.19041.0\shared\winerror.h(56865): message : см. предыдущее определение "D3D11_ERROR_TOO_MANY_UNIQUE_STATE_OBJECTS"
C:\Program Files\Microsoft SDKs\DirectX11\Include\d3d11.h(918,1): warning C4005: D3D11_ERROR_FILE_NOT_FOUND: изменение макроопределения
C:\Program Files (x86)\Windows Kits\10\Include\10.0.19041.0\shared\winerror.h(56874): message : см. предыдущее определение "D3D11_ERROR_FILE_NOT_FOUND"
C:\Program Files\Microsoft SDKs\DirectX11\Include\d3d11.h(919,1): warning C4005: D3D11_ERROR_TOO_MANY_UNIQUE_VIEW_OBJECTS: изменение макроопределения
C:\Program Files (x86)\Windows Kits\10\Include\10.0.19041.0\shared\winerror.h(56884): message : см. предыдущее определение "D3D11_ERROR_TOO_MANY_UNIQUE_VIEW_OBJECTS"
C:\Program Files\Microsoft SDKs\DirectX11\Include\d3d11.h(920,1): warning C4005: D3D11_ERROR_DEFERRED_CONTEXT_MAP_WITHOUT_INITIAL_DISCARD: изменение макроопределения
C:\Program Files (x86)\Windows Kits\10\Include\10.0.19041.0\shared\winerror.h(56893): message : см. предыдущее определение "D3D11_ERROR_DEFERRED_CONTEXT_MAP_WITHOUT_INITIAL_DISCARD"
C:\Program Files\Microsoft SDKs\DirectX11\Include\d3d10.h(608,1): warning C4005: D3D10_ERROR_TOO_MANY_UNIQUE_STATE_OBJECTS: изменение макроопределения
C:\Program Files (x86)\Windows Kits\10\Include\10.0.19041.0\shared\winerror.h(56841): message : см. предыдущее определение "D3D10_ERROR_TOO_MANY_UNIQUE_STATE_OBJECTS"
C:\Program Files\Microsoft SDKs\DirectX11\Include\d3d10.h(609,1): warning C4005: D3D10_ERROR_FILE_NOT_FOUND: изменение макроопределения
C:\Program Files (x86)\Windows Kits\10\Include\10.0.19041.0\shared\winerror.h(56850): message : см. предыдущее определение "D3D10_ERROR_FILE_NOT_FOUND"
  Vectors.cpp
C:\Program Files\Microsoft SDKs\DirectX11\Include\dxgitype.h(12,1): warning C4005: DXGI_STATUS_OCCLUDED: изменение макроопределения
C:\Program Files (x86)\Windows Kits\10\Include\10.0.19041.0\shared\winerror.h(56388): message : см. предыдущее определение "DXGI_STATUS_OCCLUDED"
C:\Program Files\Microsoft SDKs\DirectX11\Include\dxgitype.h(13,1): warning C4005: DXGI_STATUS_CLIPPED: изменение макроопределения
C:\Program Files (x86)\Windows Kits\10\Include\10.0.19041.0\shared\winerror.h(56397): message : см. предыдущее определение "DXGI_STATUS_CLIPPED"
C:\Program Files\Microsoft SDKs\DirectX11\Include\dxgitype.h(14,1): warning C4005: DXGI_STATUS_NO_REDIRECTION: изменение макроопределения
C:\Program Files (x86)\Windows Kits\10\Include\10.0.19041.0\shared\winerror.h(56406): message : см. предыдущее определение "DXGI_STATUS_NO_REDIRECTION"
C:\Program Files\Microsoft SDKs\DirectX11\Include\dxgitype.h(15,1): warning C4005: DXGI_STATUS_NO_DESKTOP_ACCESS: изменение макроопределения
C:\Program Files (x86)\Windows Kits\10\Include\10.0.19041.0\shared\winerror.h(56415): message : см. предыдущее определение "DXGI_STATUS_NO_DESKTOP_ACCESS"
C:\Program Files\Microsoft SDKs\DirectX11\Include\dxgitype.h(16,1): warning C4005: DXGI_STATUS_GRAPHICS_VIDPN_SOURCE_IN_USE: изменение макроопределения
C:\Program Files (x86)\Windows Kits\10\Include\10.0.19041.0\shared\winerror.h(56424): message : см. предыдущее определение "DXGI_STATUS_GRAPHICS_VIDPN_SOURCE_IN_USE"
C:\Program Files\Microsoft SDKs\DirectX11\Include\dxgitype.h(17,1): warning C4005: DXGI_STATUS_MODE_CHANGED: изменение макроопределения
C:\Program Files (x86)\Windows Kits\10\Include\10.0.19041.0\shared\winerror.h(56433): message : см. предыдущее определение "DXGI_STATUS_MODE_CHANGED"
C:\Program Files\Microsoft SDKs\DirectX11\Include\dxgitype.h(18,1): warning C4005: DXGI_STATUS_MODE_CHANGE_IN_PROGRESS: изменение макроопределения
C:\Program Files (x86)\Windows Kits\10\Include\10.0.19041.0\shared\winerror.h(56442): message : см. предыдущее определение "DXGI_STATUS_MODE_CHANGE_IN_PROGRESS"
C:\Program Files\Microsoft SDKs\DirectX11\Include\dxgitype.h(21,1): warning C4005: DXGI_ERROR_INVALID_CALL: изменение макроопределения
C:\Program Files (x86)\Windows Kits\10\Include\10.0.19041.0\shared\winerror.h(56457): message : см. предыдущее определение "DXGI_ERROR_INVALID_CALL"
C:\Program Files\Microsoft SDKs\DirectX11\Include\dxgitype.h(22,1): warning C4005: DXGI_ERROR_NOT_FOUND: изменение макроопределения
C:\Program Files (x86)\Windows Kits\10\Include\10.0.19041.0\shared\winerror.h(56466): message : см. предыдущее определение "DXGI_ERROR_NOT_FOUND"
C:\Program Files\Microsoft SDKs\DirectX11\Include\dxgitype.h(23,1): warning C4005: DXGI_ERROR_MORE_DATA: изменение макроопределения
C:\Program Files (x86)\Windows Kits\10\Include\10.0.19041.0\shared\winerror.h(56475): message : см. предыдущее определение "DXGI_ERROR_MORE_DATA"
C:\Program Files\Microsoft SDKs\DirectX11\Include\dxgitype.h(24,1): warning C4005: DXGI_ERROR_UNSUPPORTED: изменение макроопределения
C:\Program Files (x86)\Windows Kits\10\Include\10.0.19041.0\shared\winerror.h(56484): message : см. предыдущее определение "DXGI_ERROR_UNSUPPORTED"
C:\Program Files\Microsoft SDKs\DirectX11\Include\dxgitype.h(25,1): warning C4005: DXGI_ERROR_DEVICE_REMOVED: изменение макроопределения
C:\Program Files (x86)\Windows Kits\10\Include\10.0.19041.0\shared\winerror.h(56493): message : см. предыдущее определение "DXGI_ERROR_DEVICE_REMOVED"
C:\Program Files\Microsoft SDKs\DirectX11\Include\dxgitype.h(26,1): warning C4005: DXGI_ERROR_DEVICE_HUNG: изменение макроопределения
C:\Program Files (x86)\Windows Kits\10\Include\10.0.19041.0\shared\winerror.h(56502): message : см. предыдущее определение "DXGI_ERROR_DEVICE_HUNG"
C:\Program Files\Microsoft SDKs\DirectX11\Include\dxgitype.h(27,1): warning C4005: DXGI_ERROR_DEVICE_RESET: изменение макроопределения
C:\Program Files (x86)\Windows Kits\10\Include\10.0.19041.0\shared\winerror.h(56512): message : см. предыдущее определение "DXGI_ERROR_DEVICE_RESET"
C:\Program Files\Microsoft SDKs\DirectX11\Include\dxgitype.h(28,1): warning C4005: DXGI_ERROR_WAS_STILL_DRAWING: изменение макроопределения
C:\Program Files (x86)\Windows Kits\10\Include\10.0.19041.0\shared\winerror.h(56521): message : см. предыдущее определение "DXGI_ERROR_WAS_STILL_DRAWING"
C:\Program Files\Microsoft SDKs\DirectX11\Include\dxgitype.h(29,1): warning C4005: DXGI_ERROR_FRAME_STATISTICS_DISJOINT: изменение макроопределения
C:\Program Files (x86)\Windows Kits\10\Include\10.0.19041.0\shared\winerror.h(56531): message : см. предыдущее определение "DXGI_ERROR_FRAME_STATISTICS_DISJOINT"
C:\Program Files\Microsoft SDKs\DirectX11\Include\dxgitype.h(30,1): warning C4005: DXGI_ERROR_GRAPHICS_VIDPN_SOURCE_IN_USE: изменение макроопределения
C:\Program Files (x86)\Windows Kits\10\Include\10.0.19041.0\shared\winerror.h(56540): message : см. предыдущее определение "DXGI_ERROR_GRAPHICS_VIDPN_SOURCE_IN_USE"
C:\Program Files\Microsoft SDKs\DirectX11\Include\dxgitype.h(31,1): warning C4005: DXGI_ERROR_DRIVER_INTERNAL_ERROR: изменение макроопределения
C:\Program Files (x86)\Windows Kits\10\Include\10.0.19041.0\shared\winerror.h(56550): message : см. предыдущее определение "DXGI_ERROR_DRIVER_INTERNAL_ERROR"
C:\Program Files\Microsoft SDKs\DirectX11\Include\dxgitype.h(32,1): warning C4005: DXGI_ERROR_NONEXCLUSIVE: изменение макроопределения
C:\Program Files (x86)\Windows Kits\10\Include\10.0.19041.0\shared\winerror.h(56559): message : см. предыдущее определение "DXGI_ERROR_NONEXCLUSIVE"
C:\Program Files\Microsoft SDKs\DirectX11\Include\dxgitype.h(33,1): warning C4005: DXGI_ERROR_NOT_CURRENTLY_AVAILABLE: изменение макроопределения
C:\Program Files (x86)\Windows Kits\10\Include\10.0.19041.0\shared\winerror.h(56568): message : см. предыдущее определение "DXGI_ERROR_NOT_CURRENTLY_AVAILABLE"
C:\Program Files\Microsoft SDKs\DirectX11\Include\dxgitype.h(34,1): warning C4005: DXGI_ERROR_REMOTE_CLIENT_DISCONNECTED: изменение макроопределения
C:\Program Files (x86)\Windows Kits\10\Include\10.0.19041.0\shared\winerror.h(56578): message : см. предыдущее определение "DXGI_ERROR_REMOTE_CLIENT_DISCONNECTED"
C:\Program Files\Microsoft SDKs\DirectX11\Include\dxgitype.h(35,1): warning C4005: DXGI_ERROR_REMOTE_OUTOFMEMORY: изменение макроопределения
C:\Program Files (x86)\Windows Kits\10\Include\10.0.19041.0\shared\winerror.h(56587): message : см. предыдущее определение "DXGI_ERROR_REMOTE_OUTOFMEMORY"
C:\Program Files\Microsoft SDKs\DirectX11\Include\d3d11.h(917,1): warning C4005: D3D11_ERROR_TOO_MANY_UNIQUE_STATE_OBJECTS: изменение макроопределения
C:\Program Files (x86)\Windows Kits\10\Include\10.0.19041.0\shared\winerror.h(56865): message : см. предыдущее определение "D3D11_ERROR_TOO_MANY_UNIQUE_STATE_OBJECTS"
C:\Program Files\Microsoft SDKs\DirectX11\Include\d3d11.h(918,1): warning C4005: D3D11_ERROR_FILE_NOT_FOUND: изменение макроопределения
C:\Program Files (x86)\Windows Kits\10\Include\10.0.19041.0\shared\winerror.h(56874): message : см. предыдущее определение "D3D11_ERROR_FILE_NOT_FOUND"
C:\Program Files\Microsoft SDKs\DirectX11\Include\d3d11.h(919,1): warning C4005: D3D11_ERROR_TOO_MANY_UNIQUE_VIEW_OBJECTS: изменение макроопределения
C:\Program Files (x86)\Windows Kits\10\Include\10.0.19041.0\shared\winerror.h(56884): message : см. предыдущее определение "D3D11_ERROR_TOO_MANY_UNIQUE_VIEW_OBJECTS"
C:\Program Files\Microsoft SDKs\DirectX11\Include\d3d11.h(920,1): warning C4005: D3D11_ERROR_DEFERRED_CONTEXT_MAP_WITHOUT_INITIAL_DISCARD: изменение макроопределения
C:\Program Files (x86)\Windows Kits\10\Include\10.0.19041.0\shared\winerror.h(56893): message : см. предыдущее определение "D3D11_ERROR_DEFERRED_CONTEXT_MAP_WITHOUT_INITIAL_DISCARD"
C:\Program Files\Microsoft SDKs\DirectX11\Include\d3d10.h(608,1): warning C4005: D3D10_ERROR_TOO_MANY_UNIQUE_STATE_OBJECTS: изменение макроопределения
C:\Program Files (x86)\Windows Kits\10\Include\10.0.19041.0\shared\winerror.h(56841): message : см. предыдущее определение "D3D10_ERROR_TOO_MANY_UNIQUE_STATE_OBJECTS"
C:\Program Files\Microsoft SDKs\DirectX11\Include\d3d10.h(609,1): warning C4005: D3D10_ERROR_FILE_NOT_FOUND: изменение макроопределения
C:\Program Files (x86)\Windows Kits\10\Include\10.0.19041.0\shared\winerror.h(56850): message : см. предыдущее определение "D3D10_ERROR_FILE_NOT_FOUND"
  Render.cpp
C:\Program Files\Microsoft SDKs\DirectX11\Include\dxgitype.h(12,1): warning C4005: DXGI_STATUS_OCCLUDED: изменение макроопределения
C:\Program Files (x86)\Windows Kits\10\Include\10.0.19041.0\shared\winerror.h(56388): message : см. предыдущее определение "DXGI_STATUS_OCCLUDED"
C:\Program Files\Microsoft SDKs\DirectX11\Include\dxgitype.h(13,1): warning C4005: DXGI_STATUS_CLIPPED: изменение макроопределения
C:\Program Files (x86)\Windows Kits\10\Include\10.0.19041.0\shared\winerror.h(56397): message : см. предыдущее определение "DXGI_STATUS_CLIPPED"
C:\Program Files\Microsoft SDKs\DirectX11\Include\dxgitype.h(14,1): warning C4005: DXGI_STATUS_NO_REDIRECTION: изменение макроопределения
C:\Program Files (x86)\Windows Kits\10\Include\10.0.19041.0\shared\winerror.h(56406): message : см. предыдущее определение "DXGI_STATUS_NO_REDIRECTION"
C:\Program Files\Microsoft SDKs\DirectX11\Include\dxgitype.h(15,1): warning C4005: DXGI_STATUS_NO_DESKTOP_ACCESS: изменение макроопределения
C:\Program Files (x86)\Windows Kits\10\Include\10.0.19041.0\shared\winerror.h(56415): message : см. предыдущее определение "DXGI_STATUS_NO_DESKTOP_ACCESS"
C:\Program Files\Microsoft SDKs\DirectX11\Include\dxgitype.h(16,1): warning C4005: DXGI_STATUS_GRAPHICS_VIDPN_SOURCE_IN_USE: изменение макроопределения
C:\Program Files (x86)\Windows Kits\10\Include\10.0.19041.0\shared\winerror.h(56424): message : см. предыдущее определение "DXGI_STATUS_GRAPHICS_VIDPN_SOURCE_IN_USE"
C:\Program Files\Microsoft SDKs\DirectX11\Include\dxgitype.h(17,1): warning C4005: DXGI_STATUS_MODE_CHANGED: изменение макроопределения
C:\Program Files (x86)\Windows Kits\10\Include\10.0.19041.0\shared\winerror.h(56433): message : см. предыдущее определение "DXGI_STATUS_MODE_CHANGED"
C:\Program Files\Microsoft SDKs\DirectX11\Include\dxgitype.h(18,1): warning C4005: DXGI_STATUS_MODE_CHANGE_IN_PROGRESS: изменение макроопределения
C:\Program Files (x86)\Windows Kits\10\Include\10.0.19041.0\shared\winerror.h(56442): message : см. предыдущее определение "DXGI_STATUS_MODE_CHANGE_IN_PROGRESS"
C:\Program Files\Microsoft SDKs\DirectX11\Include\dxgitype.h(21,1): warning C4005: DXGI_ERROR_INVALID_CALL: изменение макроопределения
C:\Program Files (x86)\Windows Kits\10\Include\10.0.19041.0\shared\winerror.h(56457): message : см. предыдущее определение "DXGI_ERROR_INVALID_CALL"
C:\Program Files\Microsoft SDKs\DirectX11\Include\dxgitype.h(22,1): warning C4005: DXGI_ERROR_NOT_FOUND: изменение макроопределения
C:\Program Files (x86)\Windows Kits\10\Include\10.0.19041.0\shared\winerror.h(56466): message : см. предыдущее определение "DXGI_ERROR_NOT_FOUND"
C:\Program Files\Microsoft SDKs\DirectX11\Include\dxgitype.h(23,1): warning C4005: DXGI_ERROR_MORE_DATA: изменение макроопределения
C:\Program Files (x86)\Windows Kits\10\Include\10.0.19041.0\shared\winerror.h(56475): message : см. предыдущее определение "DXGI_ERROR_MORE_DATA"
C:\Program Files\Microsoft SDKs\DirectX11\Include\dxgitype.h(24,1): warning C4005: DXGI_ERROR_UNSUPPORTED: изменение макроопределения
C:\Program Files (x86)\Windows Kits\10\Include\10.0.19041.0\shared\winerror.h(56484): message : см. предыдущее определение "DXGI_ERROR_UNSUPPORTED"
C:\Program Files\Microsoft SDKs\DirectX11\Include\dxgitype.h(25,1): warning C4005: DXGI_ERROR_DEVICE_REMOVED: изменение макроопределения
C:\Program Files (x86)\Windows Kits\10\Include\10.0.19041.0\shared\winerror.h(56493): message : см. предыдущее определение "DXGI_ERROR_DEVICE_REMOVED"
C:\Program Files\Microsoft SDKs\DirectX11\Include\dxgitype.h(26,1): warning C4005: DXGI_ERROR_DEVICE_HUNG: изменение макроопределения
C:\Program Files (x86)\Windows Kits\10\Include\10.0.19041.0\shared\winerror.h(56502): message : см. предыдущее определение "DXGI_ERROR_DEVICE_HUNG"
C:\Program Files\Microsoft SDKs\DirectX11\Include\dxgitype.h(27,1): warning C4005: DXGI_ERROR_DEVICE_RESET: изменение макроопределения
C:\Program Files (x86)\Windows Kits\10\Include\10.0.19041.0\shared\winerror.h(56512): message : см. предыдущее определение "DXGI_ERROR_DEVICE_RESET"
C:\Program Files\Microsoft SDKs\DirectX11\Include\dxgitype.h(28,1): warning C4005: DXGI_ERROR_WAS_STILL_DRAWING: изменение макроопределения
C:\Program Files (x86)\Windows Kits\10\Include\10.0.19041.0\shared\winerror.h(56521): message : см. предыдущее определение "DXGI_ERROR_WAS_STILL_DRAWING"
C:\Program Files\Microsoft SDKs\DirectX11\Include\dxgitype.h(29,1): warning C4005: DXGI_ERROR_FRAME_STATISTICS_DISJOINT: изменение макроопределения
C:\Program Files (x86)\Windows Kits\10\Include\10.0.19041.0\shared\winerror.h(56531): message : см. предыдущее определение "DXGI_ERROR_FRAME_STATISTICS_DISJOINT"
C:\Program Files\Microsoft SDKs\DirectX11\Include\dxgitype.h(30,1): warning C4005: DXGI_ERROR_GRAPHICS_VIDPN_SOURCE_IN_USE: изменение макроопределения
C:\Program Files (x86)\Windows Kits\10\Include\10.0.19041.0\shared\winerror.h(56540): message : см. предыдущее определение "DXGI_ERROR_GRAPHICS_VIDPN_SOURCE_IN_USE"
C:\Program Files\Microsoft SDKs\DirectX11\Include\dxgitype.h(31,1): warning C4005: DXGI_ERROR_DRIVER_INTERNAL_ERROR: изменение макроопределения
C:\Program Files (x86)\Windows Kits\10\Include\10.0.19041.0\shared\winerror.h(56550): message : см. предыдущее определение "DXGI_ERROR_DRIVER_INTERNAL_ERROR"
C:\Program Files\Microsoft SDKs\DirectX11\Include\dxgitype.h(32,1): warning C4005: DXGI_ERROR_NONEXCLUSIVE: изменение макроопределения
C:\Program Files (x86)\Windows Kits\10\Include\10.0.19041.0\shared\winerror.h(56559): message : см. предыдущее определение "DXGI_ERROR_NONEXCLUSIVE"
C:\Program Files\Microsoft SDKs\DirectX11\Include\dxgitype.h(33,1): warning C4005: DXGI_ERROR_NOT_CURRENTLY_AVAILABLE: изменение макроопределения
C:\Program Files (x86)\Windows Kits\10\Include\10.0.19041.0\shared\winerror.h(56568): message : см. предыдущее определение "DXGI_ERROR_NOT_CURRENTLY_AVAILABLE"
C:\Program Files\Microsoft SDKs\DirectX11\Include\dxgitype.h(34,1): warning C4005: DXGI_ERROR_REMOTE_CLIENT_DISCONNECTED: изменение макроопределения
C:\Program Files (x86)\Windows Kits\10\Include\10.0.19041.0\shared\winerror.h(56578): message : см. предыдущее определение "DXGI_ERROR_REMOTE_CLIENT_DISCONNECTED"
C:\Program Files\Microsoft SDKs\DirectX11\Include\dxgitype.h(35,1): warning C4005: DXGI_ERROR_REMOTE_OUTOFMEMORY: изменение макроопределения
C:\Program Files (x86)\Windows Kits\10\Include\10.0.19041.0\shared\winerror.h(56587): message : см. предыдущее определение "DXGI_ERROR_REMOTE_OUTOFMEMORY"
C:\Program Files\Microsoft SDKs\DirectX11\Include\d3d11.h(917,1): warning C4005: D3D11_ERROR_TOO_MANY_UNIQUE_STATE_OBJECTS: изменение макроопределения
C:\Program Files (x86)\Windows Kits\10\Include\10.0.19041.0\shared\winerror.h(56865): message : см. предыдущее определение "D3D11_ERROR_TOO_MANY_UNIQUE_STATE_OBJECTS"
C:\Program Files\Microsoft SDKs\DirectX11\Include\d3d11.h(918,1): warning C4005: D3D11_ERROR_FILE_NOT_FOUND: изменение макроопределения
C:\Program Files (x86)\Windows Kits\10\Include\10.0.19041.0\shared\winerror.h(56874): message : см. предыдущее определение "D3D11_ERROR_FILE_NOT_FOUND"
C:\Program Files\Microsoft SDKs\DirectX11\Include\d3d11.h(919,1): warning C4005: D3D11_ERROR_TOO_MANY_UNIQUE_VIEW_OBJECTS: изменение макроопределения
C:\Program Files (x86)\Windows Kits\10\Include\10.0.19041.0\shared\winerror.h(56884): message : см. предыдущее определение "D3D11_ERROR_TOO_MANY_UNIQUE_VIEW_OBJECTS"
C:\Program Files\Microsoft SDKs\DirectX11\Include\d3d11.h(920,1): warning C4005: D3D11_ERROR_DEFERRED_CONTEXT_MAP_WITHOUT_INITIAL_DISCARD: изменение макроопределения
C:\Program Files (x86)\Windows Kits\10\Include\10.0.19041.0\shared\winerror.h(56893): message : см. предыдущее определение "D3D11_ERROR_DEFERRED_CONTEXT_MAP_WITHOUT_INITIAL_DISCARD"
C:\Program Files\Microsoft SDKs\DirectX11\Include\d3d10.h(608,1): warning C4005: D3D10_ERROR_TOO_MANY_UNIQUE_STATE_OBJECTS: изменение макроопределения
C:\Program Files (x86)\Windows Kits\10\Include\10.0.19041.0\shared\winerror.h(56841): message : см. предыдущее определение "D3D10_ERROR_TOO_MANY_UNIQUE_STATE_OBJECTS"
C:\Program Files\Microsoft SDKs\DirectX11\Include\d3d10.h(609,1): warning C4005: D3D10_ERROR_FILE_NOT_FOUND: изменение макроопределения
C:\Program Files (x86)\Windows Kits\10\Include\10.0.19041.0\shared\winerror.h(56850): message : см. предыдущее определение "D3D10_ERROR_FILE_NOT_FOUND"
  Window.cpp
C:\Program Files\Microsoft SDKs\DirectX11\Include\dxgitype.h(12,1): warning C4005: DXGI_STATUS_OCCLUDED: изменение макроопределения
C:\Program Files (x86)\Windows Kits\10\Include\10.0.19041.0\shared\winerror.h(56388): message : см. предыдущее определение "DXGI_STATUS_OCCLUDED"
C:\Program Files\Microsoft SDKs\DirectX11\Include\dxgitype.h(13,1): warning C4005: DXGI_STATUS_CLIPPED: изменение макроопределения
C:\Program Files (x86)\Windows Kits\10\Include\10.0.19041.0\shared\winerror.h(56397): message : см. предыдущее определение "DXGI_STATUS_CLIPPED"
C:\Program Files\Microsoft SDKs\DirectX11\Include\dxgitype.h(14,1): warning C4005: DXGI_STATUS_NO_REDIRECTION: изменение макроопределения
C:\Program Files (x86)\Windows Kits\10\Include\10.0.19041.0\shared\winerror.h(56406): message : см. предыдущее определение "DXGI_STATUS_NO_REDIRECTION"
C:\Program Files\Microsoft SDKs\DirectX11\Include\dxgitype.h(15,1): warning C4005: DXGI_STATUS_NO_DESKTOP_ACCESS: изменение макроопределения
C:\Program Files (x86)\Windows Kits\10\Include\10.0.19041.0\shared\winerror.h(56415): message : см. предыдущее определение "DXGI_STATUS_NO_DESKTOP_ACCESS"
C:\Program Files\Microsoft SDKs\DirectX11\Include\dxgitype.h(16,1): warning C4005: DXGI_STATUS_GRAPHICS_VIDPN_SOURCE_IN_USE: изменение макроопределения
C:\Program Files (x86)\Windows Kits\10\Include\10.0.19041.0\shared\winerror.h(56424): message : см. предыдущее определение "DXGI_STATUS_GRAPHICS_VIDPN_SOURCE_IN_USE"
C:\Program Files\Microsoft SDKs\DirectX11\Include\dxgitype.h(17,1): warning C4005: DXGI_STATUS_MODE_CHANGED: изменение макроопределения
C:\Program Files (x86)\Windows Kits\10\Include\10.0.19041.0\shared\winerror.h(56433): message : см. предыдущее определение "DXGI_STATUS_MODE_CHANGED"
C:\Program Files\Microsoft SDKs\DirectX11\Include\dxgitype.h(18,1): warning C4005: DXGI_STATUS_MODE_CHANGE_IN_PROGRESS: изменение макроопределения
C:\Program Files (x86)\Windows Kits\10\Include\10.0.19041.0\shared\winerror.h(56442): message : см. предыдущее определение "DXGI_STATUS_MODE_CHANGE_IN_PROGRESS"
C:\Program Files\Microsoft SDKs\DirectX11\Include\dxgitype.h(21,1): warning C4005: DXGI_ERROR_INVALID_CALL: изменение макроопределения
C:\Program Files (x86)\Windows Kits\10\Include\10.0.19041.0\shared\winerror.h(56457): message : см. предыдущее определение "DXGI_ERROR_INVALID_CALL"
C:\Program Files\Microsoft SDKs\DirectX11\Include\dxgitype.h(22,1): warning C4005: DXGI_ERROR_NOT_FOUND: изменение макроопределения
C:\Program Files (x86)\Windows Kits\10\Include\10.0.19041.0\shared\winerror.h(56466): message : см. предыдущее определение "DXGI_ERROR_NOT_FOUND"
C:\Program Files\Microsoft SDKs\DirectX11\Include\dxgitype.h(23,1): warning C4005: DXGI_ERROR_MORE_DATA: изменение макроопределения
C:\Program Files (x86)\Windows Kits\10\Include\10.0.19041.0\shared\winerror.h(56475): message : см. предыдущее определение "DXGI_ERROR_MORE_DATA"
C:\Program Files\Microsoft SDKs\DirectX11\Include\dxgitype.h(24,1): warning C4005: DXGI_ERROR_UNSUPPORTED: изменение макроопределения
C:\Program Files (x86)\Windows Kits\10\Include\10.0.19041.0\shared\winerror.h(56484): message : см. предыдущее определение "DXGI_ERROR_UNSUPPORTED"
C:\Program Files\Microsoft SDKs\DirectX11\Include\dxgitype.h(25,1): warning C4005: DXGI_ERROR_DEVICE_REMOVED: изменение макроопределения
C:\Program Files (x86)\Windows Kits\10\Include\10.0.19041.0\shared\winerror.h(56493): message : см. предыдущее определение "DXGI_ERROR_DEVICE_REMOVED"
C:\Program Files\Microsoft SDKs\DirectX11\Include\dxgitype.h(26,1): warning C4005: DXGI_ERROR_DEVICE_HUNG: изменение макроопределения
C:\Program Files (x86)\Windows Kits\10\Include\10.0.19041.0\shared\winerror.h(56502): message : см. предыдущее определение "DXGI_ERROR_DEVICE_HUNG"
C:\Program Files\Microsoft SDKs\DirectX11\Include\dxgitype.h(27,1): warning C4005: DXGI_ERROR_DEVICE_RESET: изменение макроопределения
C:\Program Files (x86)\Windows Kits\10\Include\10.0.19041.0\shared\winerror.h(56512): message : см. предыдущее определение "DXGI_ERROR_DEVICE_RESET"
C:\Program Files\Microsoft SDKs\DirectX11\Include\dxgitype.h(28,1): warning C4005: DXGI_ERROR_WAS_STILL_DRAWING: изменение макроопределения
C:\Program Files (x86)\Windows Kits\10\Include\10.0.19041.0\shared\winerror.h(56521): message : см. предыдущее определение "DXGI_ERROR_WAS_STILL_DRAWING"
C:\Program Files\Microsoft SDKs\DirectX11\Include\dxgitype.h(29,1): warning C4005: DXGI_ERROR_FRAME_STATISTICS_DISJOINT: изменение макроопределения
C:\Program Files (x86)\Windows Kits\10\Include\10.0.19041.0\shared\winerror.h(56531): message : см. предыдущее определение "DXGI_ERROR_FRAME_STATISTICS_DISJOINT"
C:\Program Files\Microsoft SDKs\DirectX11\Include\dxgitype.h(30,1): warning C4005: DXGI_ERROR_GRAPHICS_VIDPN_SOURCE_IN_USE: изменение макроопределения
C:\Program Files (x86)\Windows Kits\10\Include\10.0.19041.0\shared\winerror.h(56540): message : см. предыдущее определение "DXGI_ERROR_GRAPHICS_VIDPN_SOURCE_IN_USE"
C:\Program Files\Microsoft SDKs\DirectX11\Include\dxgitype.h(31,1): warning C4005: DXGI_ERROR_DRIVER_INTERNAL_ERROR: изменение макроопределения
C:\Program Files (x86)\Windows Kits\10\Include\10.0.19041.0\shared\winerror.h(56550): message : см. предыдущее определение "DXGI_ERROR_DRIVER_INTERNAL_ERROR"
C:\Program Files\Microsoft SDKs\DirectX11\Include\dxgitype.h(32,1): warning C4005: DXGI_ERROR_NONEXCLUSIVE: изменение макроопределения
C:\Program Files (x86)\Windows Kits\10\Include\10.0.19041.0\shared\winerror.h(56559): message : см. предыдущее определение "DXGI_ERROR_NONEXCLUSIVE"
C:\Program Files\Microsoft SDKs\DirectX11\Include\dxgitype.h(33,1): warning C4005: DXGI_ERROR_NOT_CURRENTLY_AVAILABLE: изменение макроопределения
C:\Program Files (x86)\Windows Kits\10\Include\10.0.19041.0\shared\winerror.h(56568): message : см. предыдущее определение "DXGI_ERROR_NOT_CURRENTLY_AVAILABLE"
C:\Program Files\Microsoft SDKs\DirectX11\Include\dxgitype.h(34,1): warning C4005: DXGI_ERROR_REMOTE_CLIENT_DISCONNECTED: изменение макроопределения
C:\Program Files (x86)\Windows Kits\10\Include\10.0.19041.0\shared\winerror.h(56578): message : см. предыдущее определение "DXGI_ERROR_REMOTE_CLIENT_DISCONNECTED"
C:\Program Files\Microsoft SDKs\DirectX11\Include\dxgitype.h(35,1): warning C4005: DXGI_ERROR_REMOTE_OUTOFMEMORY: изменение макроопределения
C:\Program Files (x86)\Windows Kits\10\Include\10.0.19041.0\shared\winerror.h(56587): message : см. предыдущее определение "DXGI_ERROR_REMOTE_OUTOFMEMORY"
C:\Program Files\Microsoft SDKs\DirectX11\Include\d3d11.h(917,1): warning C4005: D3D11_ERROR_TOO_MANY_UNIQUE_STATE_OBJECTS: изменение макроопределения
C:\Program Files (x86)\Windows Kits\10\Include\10.0.19041.0\shared\winerror.h(56865): message : см. предыдущее определение "D3D11_ERROR_TOO_MANY_UNIQUE_STATE_OBJECTS"
C:\Program Files\Microsoft SDKs\DirectX11\Include\d3d11.h(918,1): warning C4005: D3D11_ERROR_FILE_NOT_FOUND: изменение макроопределения
C:\Program Files (x86)\Windows Kits\10\Include\10.0.19041.0\shared\winerror.h(56874): message : см. предыдущее определение "D3D11_ERROR_FILE_NOT_FOUND"
C:\Program Files\Microsoft SDKs\DirectX11\Include\d3d11.h(919,1): warning C4005: D3D11_ERROR_TOO_MANY_UNIQUE_VIEW_OBJECTS: изменение макроопределения
C:\Program Files (x86)\Windows Kits\10\Include\10.0.19041.0\shared\winerror.h(56884): message : см. предыдущее определение "D3D11_ERROR_TOO_MANY_UNIQUE_VIEW_OBJECTS"
C:\Program Files\Microsoft SDKs\DirectX11\Include\d3d11.h(920,1): warning C4005: D3D11_ERROR_DEFERRED_CONTEXT_MAP_WITHOUT_INITIAL_DISCARD: изменение макроопределения
C:\Program Files (x86)\Windows Kits\10\Include\10.0.19041.0\shared\winerror.h(56893): message : см. предыдущее определение "D3D11_ERROR_DEFERRED_CONTEXT_MAP_WITHOUT_INITIAL_DISCARD"
C:\Program Files\Microsoft SDKs\DirectX11\Include\d3d10.h(608,1): warning C4005: D3D10_ERROR_TOO_MANY_UNIQUE_STATE_OBJECTS: изменение макроопределения
C:\Program Files (x86)\Windows Kits\10\Include\10.0.19041.0\shared\winerror.h(56841): message : см. предыдущее определение "D3D10_ERROR_TOO_MANY_UNIQUE_STATE_OBJECTS"
C:\Program Files\Microsoft SDKs\DirectX11\Include\d3d10.h(609,1): warning C4005: D3D10_ERROR_FILE_NOT_FOUND: изменение макроопределения
C:\Program Files (x86)\Windows Kits\10\Include\10.0.19041.0\shared\winerror.h(56850): message : см. предыдущее определение "D3D10_ERROR_FILE_NOT_FOUND"
  Создание кода...
  Framework.vcxproj -> C:\Users\FileBinsLapTop\source\repos\GameMain\DirectXGame\x64\Debug\lib\Framework_debug.lib
